<?xml version="1.0" encoding="UTF-8"?>
<!-- Generated by org.testng.reporters.JUnitReportReporter -->
<testsuite hostname="DESKTOP-A90F7ST" failures="0" tests="1" name="Examples.Fetchfromexcel" time="1.451" errors="0" timestamp="2024-03-06T15:45:28 IST" skipped="0">
  <testcase classname="Examples.Fetchfromexcel" name="readDataFromexcel" time="1.451"/>
  <system-out/>
</testsuite> <!-- Examples.Fetchfromexcel -->
