<?xml version="1.0" encoding="UTF-8"?>
<!-- Generated by org.testng.reporters.JUnitReportReporter -->
<testsuite hostname="DESKTOP-A90F7ST" failures="0" tests="1" name="HomePageModule.HomePagewithThreeSlidders" time="12.115" errors="0" timestamp="2024-03-08T23:56:31 IST" skipped="0">
  <testcase classname="HomePageModule.HomePagewithThreeSlidders" name="HomePagecaseTest" time="12.115"/>
  <system-out/>
</testsuite> <!-- HomePageModule.HomePagewithThreeSlidders -->
