<?xml version="1.0" encoding="UTF-8"?>
<!-- Generated by org.testng.reporters.JUnitReportReporter -->
<testsuite hostname="DESKTOP-A90F7ST" failures="0" tests="1" name="HomePageModule.HomePage_Item_Checkout" time="20.748" errors="0" timestamp="2024-03-05T11:21:51 IST" skipped="0">
  <testcase classname="HomePageModule.HomePage_Item_Checkout" name="homePageAddItemCheckOutTest" time="20.748"/>
  <system-out/>
</testsuite> <!-- HomePageModule.HomePage_Item_Checkout -->
