<?xml version="1.0" encoding="UTF-8"?>
<!-- Generated by org.testng.reporters.JUnitReportReporter -->
<testsuite hostname="DESKTOP-A90F7ST" failures="0" tests="1" name="Examples.AutoSuggestions" time="10.488" errors="0" timestamp="2024-03-04T17:41:57 IST" skipped="0">
  <testcase classname="Examples.AutoSuggestions" name="autogoogleSuggestion" time="10.488"/>
</testsuite> <!-- Examples.AutoSuggestions -->
