<?xml version="1.0" encoding="UTF-8"?>
<!-- Generated by org.testng.reporters.JUnitReportReporter -->
<testsuite hostname="DESKTOP-A90F7ST" failures="0" tests="1" name="HomePageModule.HomePagewithThreeSlidders" time="9.038" errors="0" timestamp="2024-03-05T11:21:51 IST" skipped="0">
  <testcase classname="HomePageModule.HomePagewithThreeSlidders" name="HomePagecaseTest" time="9.038"/>
  <system-out/>
</testsuite> <!-- HomePageModule.HomePagewithThreeSlidders -->
