<?xml version="1.0" encoding="UTF-8"?>
<!-- Generated by org.testng.reporters.JUnitReportReporter -->
<testsuite hostname="DESKTOP-A90F7ST" failures="0" tests="2" name="HomePageModule.LoginwithApp" time="18.219" errors="0" timestamp="2024-03-05T11:21:51 IST" skipped="0">
  <testcase classname="HomePageModule.LoginwithApp" name="logOutToAppTest" time="9.835"/>
  <system-out/>
  <testcase classname="HomePageModule.LoginwithApp" name="loginToAppTest" time="8.384"/>
  <system-out/>
</testsuite> <!-- HomePageModule.LoginwithApp -->
