<?xml version="1.0" encoding="UTF-8"?>
<!-- Generated by org.testng.reporters.JUnitReportReporter -->
<testsuite hostname="DESKTOP-A90F7ST" failures="0" tests="3" name="HomePageModule.HomePage_Item_Checkout" time="150.480" errors="0" timestamp="2024-03-08T23:40:26 IST" skipped="0">
  <testcase classname="HomePageModule.HomePage_Item_Checkout" name="homePageAddItemCheckOutTest" time="45.441"/>
  <system-out/>
  <testcase classname="HomePageModule.HomePage_Item_Checkout" name="homePageAddItemCheckOutTest" time="46.866"/>
  <system-out/>
  <testcase classname="HomePageModule.HomePage_Item_Checkout" name="homePageAddItemCheckOutTest" time="58.173"/>
  <system-out/>
</testsuite> <!-- HomePageModule.HomePage_Item_Checkout -->
