<?xml version="1.0" encoding="UTF-8"?>
<!-- Generated by org.testng.reporters.JUnitReportReporter -->
<testsuite hostname="DESKTOP-A90F7ST" failures="0" tests="6" name="HomePageModule.LoginwithApp" time="173.772" errors="0" timestamp="2024-03-08T23:40:26 IST" skipped="0">
  <testcase classname="HomePageModule.LoginwithApp" name="logOutToAppTest" time="18.227"/>
  <system-out/>
  <testcase classname="HomePageModule.LoginwithApp" name="loginToAppTest" time="29.085"/>
  <system-out/>
  <testcase classname="HomePageModule.LoginwithApp" name="logOutToAppTest" time="39.116"/>
  <system-out/>
  <testcase classname="HomePageModule.LoginwithApp" name="loginToAppTest" time="18.087"/>
  <system-out/>
  <testcase classname="HomePageModule.LoginwithApp" name="logOutToAppTest" time="35.685"/>
  <system-out/>
  <testcase classname="HomePageModule.LoginwithApp" name="loginToAppTest" time="33.572"/>
  <system-out/>
</testsuite> <!-- HomePageModule.LoginwithApp -->
